<?xml version="1.0" encoding="UTF-8" standalone="no"?>
<!DOCTYPE log SYSTEM "logger.dtd">
<log>
<record>
  <date>2019-05-23T14:24:58.411-0300</date>
  <logger>DACIO SILVA BEZERRA</logger>
  <level>FINE</level>
  <message>File 118210572-DACIO SILVA BEZERRA.zip was received. It was sent by DACIO SILVA BEZERRA from IP 150.165.42.151 at 23-05-2019 14*24*58</message>
</record>
</log>
<?xml version="1.0" encoding="UTF-8" standalone="no"?>
<!DOCTYPE log SYSTEM "logger.dtd">
<log>
<record>
  <date>2019-05-23T14:24:58.415-0300</date>
  <logger>DACIO SILVA BEZERRA</logger>
  <level>FINE</level>
  <message>File 118210572-DACIO SILVA BEZERRA.zip was received. It was sent by DACIO SILVA BEZERRA from IP 150.165.42.151 at 23-05-2019 14*24*58</message>
</record>
</log>
<?xml version="1.0" encoding="UTF-8" standalone="no"?>
<!DOCTYPE log SYSTEM "logger.dtd">
<log>
<record>
  <date>2019-05-23T23:37:30.622-0300</date>
  <logger>DACIO SILVA BEZERRA</logger>
  <level>FINE</level>
  <message>File 118210572-DACIO SILVA BEZERRA.zip was received. It was sent by DACIO SILVA BEZERRA from IP 10.0.0.15 at 23-05-2019 23*37*30</message>
</record>
