<?xml version="1.0" encoding="UTF-8" standalone="no"?>
<!DOCTYPE log SYSTEM "logger.dtd">
<log>
<record>
  <date>2019-04-17T07:59:32.468-0300</date>
  <logger>DACIO SILVA BEZERRA</logger>
  <level>FINE</level>
  <message>File 118210572-DACIO SILVA BEZERRA.zip was received. It was sent by DACIO SILVA BEZERRA from IP 10.0.0.15</message>
</record>
</log>
<?xml version="1.0" encoding="UTF-8" standalone="no"?>
<!DOCTYPE log SYSTEM "logger.dtd">
<log>
<record>
  <date>2019-04-17T15:33:17.536-0300</date>
  <logger>DACIO SILVA BEZERRA</logger>
  <level>FINE</level>
  <message>File 118210572-DACIO SILVA BEZERRA.zip was received. It was sent by DACIO SILVA BEZERRA from IP 10.0.0.15</message>
</record>
</log>
<?xml version="1.0" encoding="UTF-8" standalone="no"?>
<!DOCTYPE log SYSTEM "logger.dtd">
<log>
<record>
  <date>2019-04-17T15:56:24.231-0300</date>
  <logger>DACIO SILVA BEZERRA</logger>
  <level>FINE</level>
  <message>File 118210572-DACIO SILVA BEZERRA.zip was received. It was sent by DACIO SILVA BEZERRA from IP 10.0.0.15</message>
</record>
