<?xml version="1.0" encoding="UTF-8" standalone="no"?>
<!DOCTYPE log SYSTEM "logger.dtd">
<log>
<record>
  <date>2019-06-03T16:09:53.783-0300</date>
  <logger>DACIO SILVA BEZERRA</logger>
  <level>FINE</level>
  <message>File 118210572-DACIO SILVA BEZERRA.zip was received. It was sent by DACIO SILVA BEZERRA from IP 150.165.42.152 at 03-06-2019 16*09*53</message>
</record>
</log>
<?xml version="1.0" encoding="UTF-8" standalone="no"?>
<!DOCTYPE log SYSTEM "logger.dtd">
<log>
<record>
  <date>2019-06-03T17:05:36.736-0300</date>
  <logger>DACIO SILVA BEZERRA</logger>
  <level>FINE</level>
  <message>File 118210572-DACIO SILVA BEZERRA.zip was received. It was sent by DACIO SILVA BEZERRA from IP 150.165.42.152 at 03-06-2019 17*05*36</message>
</record>
</log>
<?xml version="1.0" encoding="UTF-8" standalone="no"?>
<!DOCTYPE log SYSTEM "logger.dtd">
<log>
<record>
  <date>2019-06-04T23:03:52.342-0300</date>
  <logger>DACIO SILVA BEZERRA</logger>
  <level>FINE</level>
  <message>File 118210572-DACIO SILVA BEZERRA.zip was received. It was sent by DACIO SILVA BEZERRA from IP 10.0.0.15 at 04-06-2019 23*03*52</message>
</record>
