<?xml version="1.0" encoding="UTF-8" standalone="no"?>
<!DOCTYPE log SYSTEM "logger.dtd">
<log>
<record>
  <date>2019-05-03T16:14:38.207-0300</date>
  <logger>DACIO SILVA BEZERRA</logger>
  <level>FINE</level>
  <message>File 118210572-DACIO SILVA BEZERRA.zip was received. It was sent by DACIO SILVA BEZERRA from IP 10.0.0.15 at 03-05-2019 16*14*38</message>
</record>
</log>
<?xml version="1.0" encoding="UTF-8" standalone="no"?>
<!DOCTYPE log SYSTEM "logger.dtd">
<log>
<record>
  <date>2019-05-03T16:23:00.008-0300</date>
  <logger>DACIO SILVA BEZERRA</logger>
  <level>FINE</level>
  <message>File 118210572-DACIO SILVA BEZERRA.zip was received. It was sent by DACIO SILVA BEZERRA from IP 10.0.0.15 at 03-05-2019 16*22*59</message>
</record>
</log>
<?xml version="1.0" encoding="UTF-8" standalone="no"?>
<!DOCTYPE log SYSTEM "logger.dtd">
<log>
<record>
  <date>2019-05-03T16:29:17.510-0300</date>
  <logger>DACIO SILVA BEZERRA</logger>
  <level>FINE</level>
  <message>File 118210572-DACIO SILVA BEZERRA.zip was received. It was sent by DACIO SILVA BEZERRA from IP 10.0.0.15 at 03-05-2019 16*29*17</message>
</record>
